W0707 08:50:13.107000 1411845 torch/distributed/run.py:862] 
W0707 08:50:13.107000 1411845 torch/distributed/run.py:862] *****************************************
W0707 08:50:13.107000 1411845 torch/distributed/run.py:862] Setting OMP_NUM_THREADS environment variable for each process to be 1 in default, to avoid your system being overloaded, please further tune the variable for optimal performance in your application as needed. 
W0707 08:50:13.107000 1411845 torch/distributed/run.py:862] *****************************************
Traceback (most recent call last):
  File "/leonardo/home/userexternal/adiasse0/venvs/unsloth/bin/torchrun", line 8, in <module>
    sys.exit(main())
             ^^^^^^
  File "/leonardo/home/userexternal/adiasse0/venvs/unsloth/lib/python3.11/site-packages/torch/distributed/elastic/multiprocessing/errors/__init__.py", line 367, in wrapper
    return f(*args, **kwargs)
           ^^^^^^^^^^^^^^^^^^
  File "/leonardo/home/userexternal/adiasse0/venvs/unsloth/lib/python3.11/site-packages/torch/distributed/run.py", line 1016, in main
    run(args)
  File "/leonardo/home/userexternal/adiasse0/venvs/unsloth/lib/python3.11/site-packages/torch/distributed/run.py", line 1007, in run
    elastic_launch(
  File "/leonardo/home/userexternal/adiasse0/venvs/unsloth/lib/python3.11/site-packages/torch/distributed/launcher/api.py", line 191, in __call__
    return launch_agent(self._config, self._entrypoint, list(args))
           ^^^^^^^^^^^^^^^^^^^^^^^^^^^^^^^^^^^^^^^^^^^^^^^^^^^^^^^^
  File "/leonardo/home/userexternal/adiasse0/venvs/unsloth/lib/python3.11/site-packages/torch/distributed/launcher/api.py", line 362, in launch_agent
    result = agent.run()
             ^^^^^^^^^^^
  File "/leonardo/home/userexternal/adiasse0/venvs/unsloth/lib/python3.11/site-packages/torch/distributed/elastic/metrics/api.py", line 134, in wrapper
    result = f(*args, **kwargs)
             ^^^^^^^^^^^^^^^^^^
  File "/leonardo/home/userexternal/adiasse0/venvs/unsloth/lib/python3.11/site-packages/torch/distributed/elastic/agent/server/api.py", line 745, in run
    result = self._invoke_run(role)
             ^^^^^^^^^^^^^^^^^^^^^^
  File "/leonardo/home/userexternal/adiasse0/venvs/unsloth/lib/python3.11/site-packages/torch/distributed/elastic/agent/server/api.py", line 916, in _invoke_run
    self._initialize_workers(self._worker_group)
  File "/leonardo/home/userexternal/adiasse0/venvs/unsloth/lib/python3.11/site-packages/torch/distributed/elastic/metrics/api.py", line 134, in wrapper
    result = f(*args, **kwargs)
             ^^^^^^^^^^^^^^^^^^
  File "/leonardo/home/userexternal/adiasse0/venvs/unsloth/lib/python3.11/site-packages/torch/distributed/elastic/agent/server/api.py", line 713, in _initialize_workers
    self._rendezvous(worker_group)
  File "/leonardo/home/userexternal/adiasse0/venvs/unsloth/lib/python3.11/site-packages/torch/distributed/elastic/metrics/api.py", line 134, in wrapper
    result = f(*args, **kwargs)
             ^^^^^^^^^^^^^^^^^^
  File "/leonardo/home/userexternal/adiasse0/venvs/unsloth/lib/python3.11/site-packages/torch/distributed/elastic/agent/server/api.py", line 528, in _rendezvous
    rdzv_info = spec.rdzv_handler.next_rendezvous()
                ^^^^^^^^^^^^^^^^^^^^^^^^^^^^^^^^^^^
  File "/leonardo/home/userexternal/adiasse0/venvs/unsloth/lib/python3.11/site-packages/torch/distributed/elastic/rendezvous/static_tcp_rendezvous.py", line 67, in next_rendezvous
    self._store = TCPStore(  # type: ignore[call-arg]
                  ^^^^^^^^^^^^^^^^^^^^^^^^^^^^^^^^^^^
torch.distributed.DistStoreError: Timed out after 901 seconds waiting for clients. 1/4 clients joined.
